date: 2014-04-23 00:00:46.877
argv: d:\Program Files\nodejs\node.exe c:\Users\Saber\AppData\Roaming\npm\node_modules\hexo\bin\hexo server
os: Windows_NT 6.2.9200 win32 x64
version:
  hexo: 2.4.5
  http_parser: 1.0
  node: 0.10.25
  v8: 3.14.5.9
  ares: 1.9.0-DEV
  uv: 0.10.23
  zlib: 1.2.3
  modules: 11
  openssl: 1.0.1e
---

[debug] 23:56:46.191 Configuration file load successfully
[debug] 23:56:46.196 Version info checked successfully
[debug] 23:56:46.253 Loading database.
[debug] 23:56:46.327 Plugin loaded successfully: hexo-generator-feed
[debug] 23:56:46.352 Plugin loaded successfully: hexo-generator-sitemap
[debug] 23:56:46.357 Script load successfully: fancybox.js
[debug] 23:56:46.383 Theme layout loaded
[debug] 23:56:46.402 Theme configuration loaded
[debug] 23:56:46.438 Theme source loaded
[debug] 23:56:46.440 Processed: CNAME
[debug] 23:56:46.450 Theme language files loaded
[debug] 23:56:46.488 Processed: about/index.md
[debug] 23:56:46.495 Processed: _posts/vagrant-using.md
[debug] 23:56:46.504 Cache saved
[info] 23:56:46.599 Hexo is running at localhost:4000/. Press Ctrl+C to stop.
[debug] 23:57:06.949 Render post: 2014/03/28/vagrant-using/
[error] 00:00:46.818 Error: watch ENOENT
Error: watch ENOENT
    at errnoException (fs.js:1019:11)
    at FSWatcher.start (fs.js:1051:11)
    at Object.fs.watch (fs.js:1076:11)
    at EventEmitter.FSWatcher._watch (c:\Users\Saber\AppData\Roaming\npm\node_modules\hexo\node_modules\chokidar\index.js:250:18)
    at EventEmitter.FSWatcher._handleFile (c:\Users\Saber\AppData\Roaming\npm\node_modules\hexo\node_modules\chokidar\index.js:270:8)
    at c:\Users\Saber\AppData\Roaming\npm\node_modules\hexo\node_modules\chokidar\index.js:356:15
    at Object.oncomplete (fs.js:107:15)

[update] 00:00:46.843 Theme: layout\_partial\post\footer.ejs
[delete] 00:00:46.858 Theme: layout\_partial\post\.sublf49.tmp
[update] 00:00:46.860 Theme: layout\_partial\post\footer.ejs
[update] 00:00:46.862 Theme: layout\_partial\post\footer.ejs